
[2026-05-24T21:00:20.147Z] ERROR:
Error: Failed to write to RTDB: 401 {
  "error" : "Unauthorized request."
}

    at POST (webpack-internal:///(rsc)/./src/app/api/chat/send-message/route.ts:261:19)
    at process.processTicksAndRejections (node:internal/process/task_queues:103:5)
    at async AppRouteRouteModule.do (D:\Alll Websites\Skill Bridge Crm\node_modules\next\dist\compiled\next-server\app-route.runtime.dev.js:5:40115)
    at async AppRouteRouteModule.handle (D:\Alll Websites\Skill Bridge Crm\node_modules\next\dist\compiled\next-server\app-route.runtime.dev.js:5:47395)
    at async responseGenerator (webpack-internal:///(rsc)/./node_modules/next/dist/build/webpack/loaders/next-app-loader/index.js?name=app%2Fapi%2Fchat%2Fsend-message%2Froute&page=%2Fapi%2Fchat%2Fsend-message%2Froute&appPaths=&allNormalizedAppPaths=&pagePath=private-next-app-dir%2Fapi%2Fchat%2Fsend-message%2Froute.ts&appDir=D%3A%5CAlll%20Websites%5CSkill%20Bridge%20Crm%5Csrc%5Capp&pageExtensions=tsx&pageExtensions=ts&pageExtensions=jsx&pageExtensions=js&rootDir=D%3A%5CAlll%20Websites%5CSkill%20Bridge%20Crm&isDev=true&tsconfigPath=&basePath=&assetPrefix=&nextConfigOutput=&preferredRegion=&middlewareConfig=e30%3D&isGlobalNotFoundEnabled=!:251:38)
    at async AppRouteRouteModule.handleResponse (D:\Alll Websites\Skill Bridge Crm\node_modules\next\dist\compiled\next-server\app-route.runtime.dev.js:1:228477)
    at async handleResponse (webpack-internal:///(rsc)/./node_modules/next/dist/build/webpack/loaders/next-app-loader/index.js?name=app%2Fapi%2Fchat%2Fsend-message%2Froute&page=%2Fapi%2Fchat%2Fsend-message%2Froute&appPaths=&allNormalizedAppPaths=&pagePath=private-next-app-dir%2Fapi%2Fchat%2Fsend-message%2Froute.ts&appDir=D%3A%5CAlll%20Websites%5CSkill%20Bridge%20Crm%5Csrc%5Capp&pageExtensions=tsx&pageExtensions=ts&pageExtensions=jsx&pageExtensions=js&rootDir=D%3A%5CAlll%20Websites%5CSkill%20Bridge%20Crm&isDev=true&tsconfigPath=&basePath=&assetPrefix=&nextConfigOutput=&preferredRegion=&middlewareConfig=e30%3D&isGlobalNotFoundEnabled=!:314:32)
    at async Module.handler (webpack-internal:///(rsc)/./node_modules/next/dist/build/webpack/loaders/next-app-loader/index.js?name=app%2Fapi%2Fchat%2Fsend-message%2Froute&page=%2Fapi%2Fchat%2Fsend-message%2Froute&appPaths=&allNormalizedAppPaths=&pagePath=private-next-app-dir%2Fapi%2Fchat%2Fsend-message%2Froute.ts&appDir=D%3A%5CAlll%20Websites%5CSkill%20Bridge%20Crm%5Csrc%5Capp&pageExtensions=tsx&pageExtensions=ts&pageExtensions=jsx&pageExtensions=js&rootDir=D%3A%5CAlll%20Websites%5CSkill%20Bridge%20Crm&isDev=true&tsconfigPath=&basePath=&assetPrefix=&nextConfigOutput=&preferredRegion=&middlewareConfig=e30%3D&isGlobalNotFoundEnabled=!:369:13)
    at async DevServer.renderToResponseWithComponentsImpl (D:\Alll Websites\Skill Bridge Crm\node_modules\next\dist\server\base-server.js:1462:9)
    at async DevServer.renderPageComponent (D:\Alll Websites\Skill Bridge Crm\node_modules\next\dist\server\base-server.js:1514:24)
    at async DevServer.renderToResponseImpl (D:\Alll Websites\Skill Bridge Crm\node_modules\next\dist\server\base-server.js:1564:32)
    at async DevServer.pipeImpl (D:\Alll Websites\Skill Bridge Crm\node_modules\next\dist\server\base-server.js:1044:25)
    at async NextNodeServer.handleCatchallRenderRequest (D:\Alll Websites\Skill Bridge Crm\node_modules\next\dist\server\next-server.js:338:17)
    at async DevServer.handleRequestImpl (D:\Alll Websites\Skill Bridge Crm\node_modules\next\dist\server\base-server.js:935:17)
    at async D:\Alll Websites\Skill Bridge Crm\node_modules\next\dist\server\dev\next-dev-server.js:394:20
    at async Span.traceAsyncFn (D:\Alll Websites\Skill Bridge Crm\node_modules\next\dist\trace\trace.js:164:20)
    at async DevServer.handleRequest (D:\Alll Websites\Skill Bridge Crm\node_modules\next\dist\server\dev\next-dev-server.js:390:24)
    at async invokeRender (D:\Alll Websites\Skill Bridge Crm\node_modules\next\dist\server\lib\router-server.js:266:21)
    at async handleRequest (D:\Alll Websites\Skill Bridge Crm\node_modules\next\dist\server\lib\router-server.js:465:24)
    at async requestHandlerImpl (D:\Alll Websites\Skill Bridge Crm\node_modules\next\dist\server\lib\router-server.js:514:13)
    at async Server.requestListener (D:\Alll Websites\Skill Bridge Crm\node_modules\next\dist\server\lib\start-server.js:225:13)

[2026-05-24T21:03:55.830Z] ERROR:
Error: Failed to write to RTDB: 401 {
  "error" : "Unauthorized request."
}

    at POST (webpack-internal:///(rsc)/./src/app/api/chat/send-message/route.ts:261:19)
    at process.processTicksAndRejections (node:internal/process/task_queues:103:5)
    at async AppRouteRouteModule.do (D:\Alll Websites\Skill Bridge Crm\node_modules\next\dist\compiled\next-server\app-route.runtime.dev.js:5:40115)
    at async AppRouteRouteModule.handle (D:\Alll Websites\Skill Bridge Crm\node_modules\next\dist\compiled\next-server\app-route.runtime.dev.js:5:47395)
    at async responseGenerator (webpack-internal:///(rsc)/./node_modules/next/dist/build/webpack/loaders/next-app-loader/index.js?name=app%2Fapi%2Fchat%2Fsend-message%2Froute&page=%2Fapi%2Fchat%2Fsend-message%2Froute&appPaths=&allNormalizedAppPaths=&pagePath=private-next-app-dir%2Fapi%2Fchat%2Fsend-message%2Froute.ts&appDir=D%3A%5CAlll%20Websites%5CSkill%20Bridge%20Crm%5Csrc%5Capp&pageExtensions=tsx&pageExtensions=ts&pageExtensions=jsx&pageExtensions=js&rootDir=D%3A%5CAlll%20Websites%5CSkill%20Bridge%20Crm&isDev=true&tsconfigPath=&basePath=&assetPrefix=&nextConfigOutput=&preferredRegion=&middlewareConfig=e30%3D&isGlobalNotFoundEnabled=!:251:38)
    at async AppRouteRouteModule.handleResponse (D:\Alll Websites\Skill Bridge Crm\node_modules\next\dist\compiled\next-server\app-route.runtime.dev.js:1:228477)
    at async handleResponse (webpack-internal:///(rsc)/./node_modules/next/dist/build/webpack/loaders/next-app-loader/index.js?name=app%2Fapi%2Fchat%2Fsend-message%2Froute&page=%2Fapi%2Fchat%2Fsend-message%2Froute&appPaths=&allNormalizedAppPaths=&pagePath=private-next-app-dir%2Fapi%2Fchat%2Fsend-message%2Froute.ts&appDir=D%3A%5CAlll%20Websites%5CSkill%20Bridge%20Crm%5Csrc%5Capp&pageExtensions=tsx&pageExtensions=ts&pageExtensions=jsx&pageExtensions=js&rootDir=D%3A%5CAlll%20Websites%5CSkill%20Bridge%20Crm&isDev=true&tsconfigPath=&basePath=&assetPrefix=&nextConfigOutput=&preferredRegion=&middlewareConfig=e30%3D&isGlobalNotFoundEnabled=!:314:32)
    at async Module.handler (webpack-internal:///(rsc)/./node_modules/next/dist/build/webpack/loaders/next-app-loader/index.js?name=app%2Fapi%2Fchat%2Fsend-message%2Froute&page=%2Fapi%2Fchat%2Fsend-message%2Froute&appPaths=&allNormalizedAppPaths=&pagePath=private-next-app-dir%2Fapi%2Fchat%2Fsend-message%2Froute.ts&appDir=D%3A%5CAlll%20Websites%5CSkill%20Bridge%20Crm%5Csrc%5Capp&pageExtensions=tsx&pageExtensions=ts&pageExtensions=jsx&pageExtensions=js&rootDir=D%3A%5CAlll%20Websites%5CSkill%20Bridge%20Crm&isDev=true&tsconfigPath=&basePath=&assetPrefix=&nextConfigOutput=&preferredRegion=&middlewareConfig=e30%3D&isGlobalNotFoundEnabled=!:369:13)
    at async DevServer.renderToResponseWithComponentsImpl (D:\Alll Websites\Skill Bridge Crm\node_modules\next\dist\server\base-server.js:1462:9)
    at async DevServer.renderPageComponent (D:\Alll Websites\Skill Bridge Crm\node_modules\next\dist\server\base-server.js:1514:24)
    at async DevServer.renderToResponseImpl (D:\Alll Websites\Skill Bridge Crm\node_modules\next\dist\server\base-server.js:1564:32)
    at async DevServer.pipeImpl (D:\Alll Websites\Skill Bridge Crm\node_modules\next\dist\server\base-server.js:1044:25)
    at async NextNodeServer.handleCatchallRenderRequest (D:\Alll Websites\Skill Bridge Crm\node_modules\next\dist\server\next-server.js:338:17)
    at async DevServer.handleRequestImpl (D:\Alll Websites\Skill Bridge Crm\node_modules\next\dist\server\base-server.js:935:17)
    at async D:\Alll Websites\Skill Bridge Crm\node_modules\next\dist\server\dev\next-dev-server.js:394:20
    at async Span.traceAsyncFn (D:\Alll Websites\Skill Bridge Crm\node_modules\next\dist\trace\trace.js:164:20)
    at async DevServer.handleRequest (D:\Alll Websites\Skill Bridge Crm\node_modules\next\dist\server\dev\next-dev-server.js:390:24)
    at async invokeRender (D:\Alll Websites\Skill Bridge Crm\node_modules\next\dist\server\lib\router-server.js:266:21)
    at async handleRequest (D:\Alll Websites\Skill Bridge Crm\node_modules\next\dist\server\lib\router-server.js:465:24)
    at async requestHandlerImpl (D:\Alll Websites\Skill Bridge Crm\node_modules\next\dist\server\lib\router-server.js:514:13)
    at async Server.requestListener (D:\Alll Websites\Skill Bridge Crm\node_modules\next\dist\server\lib\start-server.js:225:13)
